<?xml version="1.0" encoding="UTF-8"?>
<testng-results ignored="0" total="3" passed="3" failed="0" skipped="0">
  <reporter-output>
  </reporter-output>
  <suite started-at="2024-05-15T18:28:15 IST" name="Default suite" finished-at="2024-05-15T18:31:53 IST" duration-ms="218183">
    <groups>
    </groups>
    <test started-at="2024-05-15T18:28:15 IST" name="Default test" finished-at="2024-05-15T18:31:53 IST" duration-ms="218183">
      <class name="com.comcat.crm.contacttest.CreateContactTestAll">
        <test-method is-config="true" signature="configBs()[pri:0, instance:com.comcat.crm.contacttest.CreateContactTestAll@68c9133c]" started-at="2024-05-15T18:28:14 IST" name="configBs" finished-at="2024-05-15T18:28:15 IST" duration-ms="1071" status="PASS">
          <reporter-output>
          </reporter-output>
        </test-method> <!-- configBs -->
        <test-method is-config="true" signature="configBC()[pri:0, instance:com.comcat.crm.contacttest.CreateContactTestAll@68c9133c]" started-at="2024-05-15T18:28:15 IST" name="configBC" finished-at="2024-05-15T18:28:32 IST" duration-ms="17465" status="PASS">
          <reporter-output>
          </reporter-output>
        </test-method> <!-- configBC -->
        <test-method is-config="true" signature="configBM()[pri:0, instance:com.comcat.crm.contacttest.CreateContactTestAll@68c9133c]" started-at="2024-05-15T18:28:32 IST" name="configBM" finished-at="2024-05-15T18:28:56 IST" duration-ms="23553" status="PASS">
          <reporter-output>
          </reporter-output>
        </test-method> <!-- configBM -->
        <test-method signature="CreateContactWithSupportDateTest()[pri:0, instance:com.comcat.crm.contacttest.CreateContactTestAll@68c9133c]" started-at="2024-05-15T18:28:56 IST" name="CreateContactWithSupportDateTest" finished-at="2024-05-15T18:29:50 IST" duration-ms="54080" status="PASS">
          <reporter-output>
          </reporter-output>
        </test-method> <!-- CreateContactWithSupportDateTest -->
        <test-method is-config="true" signature="configAM()[pri:0, instance:com.comcat.crm.contacttest.CreateContactTestAll@68c9133c]" started-at="2024-05-15T18:29:50 IST" name="configAM" finished-at="2024-05-15T18:30:00 IST" duration-ms="9539" status="PASS">
          <reporter-output>
          </reporter-output>
        </test-method> <!-- configAM -->
        <test-method is-config="true" signature="configBM()[pri:0, instance:com.comcat.crm.contacttest.CreateContactTestAll@68c9133c]" started-at="2024-05-15T18:30:00 IST" name="configBM" finished-at="2024-05-15T18:30:08 IST" duration-ms="8366" status="PASS">
          <reporter-output>
          </reporter-output>
        </test-method> <!-- configBM -->
        <test-method signature="creatContactWithOrgTest()[pri:0, instance:com.comcat.crm.contacttest.CreateContactTestAll@68c9133c]" started-at="2024-05-15T18:30:08 IST" name="creatContactWithOrgTest" finished-at="2024-05-15T18:30:46 IST" duration-ms="38084" status="PASS">
          <reporter-output>
          </reporter-output>
        </test-method> <!-- creatContactWithOrgTest -->
        <test-method is-config="true" signature="configAM()[pri:0, instance:com.comcat.crm.contacttest.CreateContactTestAll@68c9133c]" started-at="2024-05-15T18:30:46 IST" name="configAM" finished-at="2024-05-15T18:30:54 IST" duration-ms="7875" status="PASS">
          <reporter-output>
          </reporter-output>
        </test-method> <!-- configAM -->
        <test-method is-config="true" signature="configBM()[pri:0, instance:com.comcat.crm.contacttest.CreateContactTestAll@68c9133c]" started-at="2024-05-15T18:30:54 IST" name="configBM" finished-at="2024-05-15T18:31:02 IST" duration-ms="7767" status="PASS">
          <reporter-output>
          </reporter-output>
        </test-method> <!-- configBM -->
        <test-method signature="createContactTest()[pri:0, instance:com.comcat.crm.contacttest.CreateContactTestAll@68c9133c]" started-at="2024-05-15T18:31:02 IST" name="createContactTest" finished-at="2024-05-15T18:31:42 IST" duration-ms="40742" status="PASS">
          <reporter-output>
          </reporter-output>
        </test-method> <!-- createContactTest -->
        <test-method is-config="true" signature="configAM()[pri:0, instance:com.comcat.crm.contacttest.CreateContactTestAll@68c9133c]" started-at="2024-05-15T18:31:42 IST" name="configAM" finished-at="2024-05-15T18:31:51 IST" duration-ms="8810" status="PASS">
          <reporter-output>
          </reporter-output>
        </test-method> <!-- configAM -->
        <test-method is-config="true" signature="configAC()[pri:0, instance:com.comcat.crm.contacttest.CreateContactTestAll@68c9133c]" started-at="2024-05-15T18:31:51 IST" name="configAC" finished-at="2024-05-15T18:31:53 IST" duration-ms="1754" status="PASS">
          <reporter-output>
          </reporter-output>
        </test-method> <!-- configAC -->
        <test-method is-config="true" signature="configAs()[pri:0, instance:com.comcat.crm.contacttest.CreateContactTestAll@68c9133c]" started-at="2024-05-15T18:31:53 IST" name="configAs" finished-at="2024-05-15T18:31:53 IST" duration-ms="39" status="PASS">
          <reporter-output>
          </reporter-output>
        </test-method> <!-- configAs -->
      </class> <!-- com.comcat.crm.contacttest.CreateContactTestAll -->
    </test> <!-- Default test -->
  </suite> <!-- Default suite -->
</testng-results>
