<?xml version="1.0" encoding="UTF-8"?>
<testng-results ignored="0" total="1" passed="1" failed="0" skipped="0">
  <reporter-output>
  </reporter-output>
  <suite started-at="2024-05-16T10:46:56 IST" name="Default suite" finished-at="2024-05-16T10:48:38 IST" duration-ms="101477">
    <groups>
    </groups>
    <test started-at="2024-05-16T10:46:56 IST" name="Default test" finished-at="2024-05-16T10:48:38 IST" duration-ms="101477">
      <class name="com.comcat.crm.contacttest.CreateContactTestAll">
        <test-method is-config="true" signature="configBs()[pri:0, instance:com.comcat.crm.contacttest.CreateContactTestAll@cc43f62]" started-at="2024-05-16T10:46:54 IST" name="configBs" finished-at="2024-05-16T10:46:56 IST" duration-ms="1898" status="PASS">
          <reporter-output>
          </reporter-output>
        </test-method> <!-- configBs -->
        <test-method is-config="true" signature="configBC()[pri:0, instance:com.comcat.crm.contacttest.CreateContactTestAll@cc43f62]" started-at="2024-05-16T10:46:56 IST" name="configBC" finished-at="2024-05-16T10:47:14 IST" duration-ms="17676" status="PASS">
          <reporter-output>
          </reporter-output>
        </test-method> <!-- configBC -->
        <test-method is-config="true" signature="configBM()[pri:0, instance:com.comcat.crm.contacttest.CreateContactTestAll@cc43f62]" started-at="2024-05-16T10:47:14 IST" name="configBM" finished-at="2024-05-16T10:47:33 IST" duration-ms="18479" status="PASS">
          <reporter-output>
          </reporter-output>
        </test-method> <!-- configBM -->
        <test-method signature="creatContactWithOrgTest()[pri:0, instance:com.comcat.crm.contacttest.CreateContactTestAll@cc43f62]" started-at="2024-05-16T10:47:33 IST" name="creatContactWithOrgTest" finished-at="2024-05-16T10:48:28 IST" duration-ms="55454" status="PASS">
          <reporter-output>
          </reporter-output>
        </test-method> <!-- creatContactWithOrgTest -->
        <test-method is-config="true" signature="configAM()[pri:0, instance:com.comcat.crm.contacttest.CreateContactTestAll@cc43f62]" started-at="2024-05-16T10:48:28 IST" name="configAM" finished-at="2024-05-16T10:48:36 IST" duration-ms="7501" status="PASS">
          <reporter-output>
          </reporter-output>
        </test-method> <!-- configAM -->
        <test-method is-config="true" signature="configAC()[pri:0, instance:com.comcat.crm.contacttest.CreateContactTestAll@cc43f62]" started-at="2024-05-16T10:48:36 IST" name="configAC" finished-at="2024-05-16T10:48:38 IST" duration-ms="2229" status="PASS">
          <reporter-output>
          </reporter-output>
        </test-method> <!-- configAC -->
        <test-method is-config="true" signature="configAs()[pri:0, instance:com.comcat.crm.contacttest.CreateContactTestAll@cc43f62]" started-at="2024-05-16T10:48:38 IST" name="configAs" finished-at="2024-05-16T10:48:38 IST" duration-ms="27" status="PASS">
          <reporter-output>
          </reporter-output>
        </test-method> <!-- configAs -->
      </class> <!-- com.comcat.crm.contacttest.CreateContactTestAll -->
    </test> <!-- Default test -->
  </suite> <!-- Default suite -->
</testng-results>
