<?xml version="1.0" encoding="UTF-8"?>
<!-- Generated by org.testng.reporters.JUnitXMLReporter -->
<testsuite ignored="2" hostname="C_Name" failures="0" tests="1" name="Default test" time="101.477" errors="0" timestamp="2024-05-16T10:48:38 IST">
  <testcase classname="com.comcat.crm.contacttest.CreateContactTestAll" name="creatContactWithOrgTest" time="55.454"/>
  <testcase classname="com.comcat.crm.contacttest.CreateContactTestAll" name="CreateContactWithSupportDateTest" time="0.0">
    <ignored/>
  </testcase> <!-- CreateContactWithSupportDateTest -->
  <testcase classname="com.comcat.crm.contacttest.CreateContactTestAll" name="createContactTest" time="0.0">
    <ignored/>
  </testcase> <!-- createContactTest -->
</testsuite> <!-- Default test -->
