<?xml version="1.0" encoding="UTF-8"?>
<!-- Generated by org.testng.reporters.JUnitXMLReporter -->
<testsuite ignored="0" hostname="C_Name" failures="0" tests="3" name="Default test" time="218.183" errors="0" timestamp="2024-05-15T18:31:53 IST">
  <testcase classname="com.comcat.crm.contacttest.CreateContactTestAll" name="CreateContactWithSupportDateTest" time="54.08"/>
  <testcase classname="com.comcat.crm.contacttest.CreateContactTestAll" name="creatContactWithOrgTest" time="38.084"/>
  <testcase classname="com.comcat.crm.contacttest.CreateContactTestAll" name="createContactTest" time="40.742"/>
</testsuite> <!-- Default test -->
